May-05 19:54:23.079 [main] DEBUG nextflow.cli.Launcher - $> nextflow run main.nf --help
May-05 19:54:23.202 [main] INFO  nextflow.cli.CmdRun - N E X T F L O W  ~  version 23.10.1
May-05 19:54:23.245 [main] DEBUG nextflow.plugin.PluginsFacade - Setting up plugin manager > mode=prod; embedded=false; plugins-dir=/home/subudhak/.nextflow/plugins; core-plugins: nf-amazon@2.1.4,nf-azure@1.3.3,nf-cloudcache@0.3.0,nf-codecommit@0.1.5,nf-console@1.0.6,nf-ga4gh@1.1.0,nf-google@1.8.3,nf-tower@1.6.3,nf-wave@1.0.1
May-05 19:54:23.261 [main] INFO  o.pf4j.DefaultPluginStatusProvider - Enabled plugins: []
May-05 19:54:23.263 [main] INFO  o.pf4j.DefaultPluginStatusProvider - Disabled plugins: []
May-05 19:54:23.269 [main] INFO  org.pf4j.DefaultPluginManager - PF4J version 3.4.1 in 'deployment' mode
May-05 19:54:23.289 [main] INFO  org.pf4j.AbstractPluginManager - No plugins
May-05 19:54:23.323 [main] DEBUG nextflow.config.ConfigBuilder - Found config local: /data/coursework2024/HiCFlow/nextflow.config
May-05 19:54:23.326 [main] DEBUG nextflow.config.ConfigBuilder - Parsing config file: /data/coursework2024/HiCFlow/nextflow.config
May-05 19:54:23.367 [main] DEBUG nextflow.config.ConfigBuilder - Applying config profile: `standard`
May-05 19:54:24.355 [main] DEBUG nextflow.cli.CmdRun - Applied DSL=2 from script declararion
May-05 19:54:24.382 [main] INFO  nextflow.cli.CmdRun - Launching `main.nf` [disturbed_sax] DSL2 - revision: 8a368e089a
May-05 19:54:24.384 [main] DEBUG nextflow.plugin.PluginsFacade - Plugins default=[]
May-05 19:54:24.384 [main] DEBUG nextflow.plugin.PluginsFacade - Plugins resolved requirement=[]
May-05 19:54:24.399 [main] DEBUG n.secret.LocalSecretsProvider - Secrets store: /home/subudhak/.nextflow/secrets/store.json
May-05 19:54:24.404 [main] DEBUG nextflow.secret.SecretsLoader - Discovered secrets providers: [nextflow.secret.LocalSecretsProvider@77c10a5f] - activable => nextflow.secret.LocalSecretsProvider@77c10a5f
May-05 19:54:24.495 [main] DEBUG nextflow.Session - Session UUID: bca14598-7bdb-494c-b146-ba495b03b268
May-05 19:54:24.495 [main] DEBUG nextflow.Session - Run name: disturbed_sax
May-05 19:54:24.496 [main] DEBUG nextflow.Session - Executor pool size: 112
May-05 19:54:24.506 [main] DEBUG nextflow.file.FilePorter - File porter settings maxRetries=3; maxTransfers=50; pollTimeout=null
May-05 19:54:24.512 [main] DEBUG nextflow.util.ThreadPoolBuilder - Creating thread pool 'FileTransfer' minSize=10; maxSize=336; workQueue=LinkedBlockingQueue[10000]; allowCoreThreadTimeout=false
May-05 19:54:24.550 [main] DEBUG nextflow.cli.CmdRun - 
  Version: 23.10.1 build 5891
  Created: 12-01-2024 22:01 UTC (13-01-2024 01:01 ADT)
  System: Linux 5.4.0-177-generic
  Runtime: Groovy 3.0.19 on OpenJDK 64-Bit Server VM 11.0.9.1-internal+0-adhoc..src
  Encoding: UTF-8 (UTF-8)
  Process: 113096@KW61216 [127.0.1.1]
  CPUs: 112 - Mem: 251.5 GB (183.3 GB) - Swap: 16 GB (16 GB)
May-05 19:54:24.594 [main] DEBUG nextflow.Session - Work-dir: /data/coursework2024/HiCFlow/work [ext2/ext3]
May-05 19:54:24.616 [main] DEBUG nextflow.executor.ExecutorFactory - Extension executors providers=[]
May-05 19:54:24.633 [main] DEBUG nextflow.Session - Observer factory: DefaultObserverFactory
May-05 19:54:24.720 [main] DEBUG nextflow.cache.CacheFactory - Using Nextflow cache factory: nextflow.cache.DefaultCacheFactory
May-05 19:54:24.789 [main] DEBUG nextflow.util.CustomThreadPool - Creating default thread pool > poolSize: 113; maxThreads: 1000
May-05 19:54:25.046 [main] DEBUG nextflow.Session - Session start
May-05 19:54:25.055 [main] DEBUG nextflow.trace.TraceFileObserver - Workflow started -- trace file: /data/coursework2024/HiCFlow/results/execution_trace.txt
May-05 19:54:25.582 [main] DEBUG nextflow.script.ScriptRunner - > Launching execution
May-05 19:54:25.600 [main] INFO  nextflow.Nextflow - 
 * -------------------------------------------------
 *  HiCFlow@KAUST: Analyzing Hi-C Dataset
 * -------------------------------------------------
Usage:
	nextflow run main.nf --input "fastq/*R{1,2}_001.fastq.gz" --outdir results --ref /data/coursework2024/exam/references/hg38.p13.fa 	 --mode PE --enzyme MboI  --prefix hg38 --insertSize 300	--index_dir 
Input:
	#### Mandatory Arguments ####
	* --enzyme: Name of restriction digestion enzyme used. Default [MboI]
	* --index_dir: Provide path to director where BWA indexes are stored. Default []
	* --input: Path to FastqQ files. Default [fastq/*R{1,2}_001.fastq.gz]
	* --mode: If data is Paired-end pass "PE" else "SE". Default [PE]
	* --outdir: Path/Name of the output directory. Default [results]
	* --ref: Path to reference fasta file. Default [/data/coursework2024/exam/references/hg38.p13.fa]
	* --prefix: Prefix used by the indexed files. Default [hg38]
 	* --insertSize: Insert size. Default [300]
	* --compartments: Size of the compartments. Default [100000]

	#### Parameters to pass additional Arguments ####
	* --fastp_ext: Additional arguments to pass to FASTP. Default [--detect_adapter_for_pe --qualified_quality_phred 30 --length_required 75 --correction --adapter_fasta /data/coursework2024/HiCFlow/references/adapters/TruSeq3-PE.fa]
	* --fastqc_ext: Additional arguments to pass to FASTQC. Default [--quite]

	#### Parameters to Skip certain Steps ####
	* --skipTrim: Set this "true" to skip Trimming Step. Default [false]
	* --skipAlignment: Set this "true" to skip Alignment Step. Default [false]


